                           term                           |                                  name                                  |                      narrower                       |                      name                       
----------------------------------------------------------+------------------------------------------------------------------------+-----------------------------------------------------+-------------------------------------------------
 http://vocab.aodn.org.au/def/imosfacilities/772          | Expandable Bathythermograph                                            | http://vocab.aodn.org.au/def/imosfacilities/771     | Enhanced Measurements from Ships of Opportunity
 http://vocab.aodn.org.au/def/imosfacilities/773          | Biogeochemical                                                         | http://vocab.aodn.org.au/def/imosfacilities/771     | Enhanced Measurements from Ships of Opportunity
 http://vocab.aodn.org.au/def/imosfacilities/774          | Continuous Plankton Recorder                                           | http://vocab.aodn.org.au/def/imosfacilities/771     | Enhanced Measurements from Ships of Opportunity
 http://vocab.aodn.org.au/def/imosfacilities/775          | Sensors on tropical Research Vessels                                   | http://vocab.aodn.org.au/def/imosfacilities/771     | Enhanced Measurements from Ships of Opportunity
 http://vocab.aodn.org.au/def/imosfacilities/776          | Temperate Merchant Vessels                                             | http://vocab.aodn.org.au/def/imosfacilities/771     | Enhanced Measurements from Ships of Opportunity
 http://vocab.aodn.org.au/def/imosfacilities/777          | Sea Surface Temperature Sensors for Australian vessels                 | http://vocab.aodn.org.au/def/imosfacilities/771     | Enhanced Measurements from Ships of Opportunity
 http://vocab.aodn.org.au/def/imosfacilities/778          | Research vessels Real-time Air-Sea Fluxes                              | http://vocab.aodn.org.au/def/imosfacilities/771     | Enhanced Measurements from Ships of Opportunity
 http://vocab.aodn.org.au/def/imosfacilities/779          | Bio-acoustic                                                           | http://vocab.aodn.org.au/def/imosfacilities/771     | Enhanced Measurements from Ships of Opportunity
 http://vocab.aodn.org.au/def/imosfacilities/781          | Air-Sea flux stations                                                  | http://vocab.aodn.org.au/def/imosfacilities/780     | Australian Bluewater Observing System
 http://vocab.aodn.org.au/def/imosfacilities/782          | Southern Ocean Time Series Observations                                | http://vocab.aodn.org.au/def/imosfacilities/780     | Australian Bluewater Observing System
 http://vocab.aodn.org.au/def/imosfacilities/783          | Deepwater Arrays                                                       | http://vocab.aodn.org.au/def/imosfacilities/780     | Australian Bluewater Observing System
 http://vocab.aodn.org.au/def/imosfacilities/787          | Queensland and Northern Australia Moorings                             | http://vocab.aodn.org.au/def/imosfacilities/786     | Australian National Mooring Network
 http://vocab.aodn.org.au/def/imosfacilities/788          | New South Wales moorings                                               | http://vocab.aodn.org.au/def/imosfacilities/786     | Australian National Mooring Network
 http://vocab.aodn.org.au/def/imosfacilities/789          | Southern Australia moorings                                            | http://vocab.aodn.org.au/def/imosfacilities/786     | Australian National Mooring Network
 http://vocab.aodn.org.au/def/imosfacilities/790          | Western Australia moorings                                             | http://vocab.aodn.org.au/def/imosfacilities/786     | Australian National Mooring Network
 http://vocab.aodn.org.au/def/imosfacilities/791          | Acoustic observations                                                  | http://vocab.aodn.org.au/def/imosfacilities/786     | Australian National Mooring Network
 http://vocab.aodn.org.au/def/imosfacilities/792          | National Reference Stations                                            | http://vocab.aodn.org.au/def/imosfacilities/786     | Australian National Mooring Network
 http://vocab.aodn.org.au/def/imosfacilities/797          | Australian satellite SST L2P products                                  | http://vocab.aodn.org.au/def/imosfacilities/796     | Satellite Remote Sensing
 http://vocab.aodn.org.au/def/imosfacilities/798          | Australian Oceans data Access and Archive Centre                       | http://vocab.aodn.org.au/def/imosfacilities/796     | Satellite Remote Sensing
 http://vocab.aodn.org.au/def/imosfacilities/799          | Upgrade of Hobart Ground Station                                       | http://vocab.aodn.org.au/def/imosfacilities/796     | Satellite Remote Sensing
 http://vocab.aodn.org.au/def/imosfacilities/800          | Upgrade of Townsville Ground Station                                   | http://vocab.aodn.org.au/def/imosfacilities/796     | Satellite Remote Sensing
 http://vocab.aodn.org.au/def/imosfacilities/801          | Satellite Ocean Colour                                                 | http://vocab.aodn.org.au/def/imosfacilities/796     | Satellite Remote Sensing
 http://vocab.aodn.org.au/def/imosfacilities/802          | Satellite Altimetry Calibration and Validation                         | http://vocab.aodn.org.au/def/imosfacilities/796     | Satellite Remote Sensing
 http://vocab.aodn.org.au/def/platform/100                | Spirit of Tasmania 2                                                   | http://vocab.nerc.ac.uk/collection/L06/current/35/  | vessel of opportunity on fixed route
 http://vocab.aodn.org.au/def/platform/101                | Stadacona                                                              | http://vocab.nerc.ac.uk/collection/L06/current/32/  | vessel of opportunity
 http://vocab.aodn.org.au/def/platform/102                | Wana Bhum                                                              | http://vocab.nerc.ac.uk/collection/L06/current/32/  | vessel of opportunity
 http://vocab.aodn.org.au/def/platform/103                | Iron Yandi                                                             | http://vocab.nerc.ac.uk/collection/L06/current/32/  | vessel of opportunity
 http://vocab.aodn.org.au/def/platform/104                | Pacific Sun                                                            | http://vocab.nerc.ac.uk/collection/L06/current/32/  | vessel of opportunity
 http://vocab.aodn.org.au/def/platform/105                | Portland                                                               | http://vocab.nerc.ac.uk/collection/L06/current/32/  | vessel of opportunity
 http://vocab.aodn.org.au/def/platform/106                | Pacific Celebes                                                        | http://vocab.nerc.ac.uk/collection/L06/current/32/  | vessel of opportunity
 http://vocab.aodn.org.au/def/platform/107                | Sea Flyte                                                              | http://vocab.nerc.ac.uk/collection/L06/current/35/  | vessel of opportunity on fixed route
 http://vocab.aodn.org.au/def/platform/108                | Fantasea Wonder                                                        | http://vocab.nerc.ac.uk/collection/L06/current/35/  | vessel of opportunity on fixed route
 http://vocab.aodn.org.au/def/platform/109                | Linnaeus                                                               | http://vocab.nerc.ac.uk/collection/L06/current/31/  | research vessel
 http://vocab.aodn.org.au/def/platform/110                | Xutra Bhum                                                             | http://vocab.nerc.ac.uk/collection/L06/current/32/  | vessel of opportunity
 http://vocab.aodn.org.au/def/platform/111                | Tangaroa                                                               | http://vocab.nerc.ac.uk/collection/L06/current/36/  | fishing vessel
 http://vocab.aodn.org.au/def/platform/112                | Santo Rocco                                                            | http://vocab.nerc.ac.uk/collection/L06/current/36/  | fishing vessel
 http://vocab.aodn.org.au/def/platform/113                | Austral Leader II                                                      | http://vocab.nerc.ac.uk/collection/L06/current/36/  | fishing vessel
 http://vocab.aodn.org.au/def/platform/114                | Janas                                                                  | http://vocab.nerc.ac.uk/collection/L06/current/36/  | fishing vessel
 http://vocab.aodn.org.au/def/platform/115                | Will Watch                                                             | http://vocab.nerc.ac.uk/collection/L06/current/36/  | fishing vessel
 http://vocab.aodn.org.au/def/platform/116                | Southern Champion                                                      | http://vocab.nerc.ac.uk/collection/L06/current/36/  | fishing vessel
 http://vocab.aodn.org.au/def/platform/117                | Rehua                                                                  | http://vocab.nerc.ac.uk/collection/L06/current/36/  | fishing vessel
 http://vocab.aodn.org.au/def/platform/119                | ANL Windarra                                                           | http://vocab.nerc.ac.uk/collection/L06/current/32/  | vessel of opportunity
 http://vocab.aodn.org.au/def/platform/120                | Bateman's Marine Park 90m Mooring                                      | http://vocab.nerc.ac.uk/collection/L06/current/48/  | mooring
 http://vocab.aodn.org.au/def/platform/121                | Bateman's Marine Park 120m Mooring                                     | http://vocab.nerc.ac.uk/collection/L06/current/48/  | mooring
 http://vocab.aodn.org.au/def/platform/122                | Coffs Harbour 70m Mooring                                              | http://vocab.nerc.ac.uk/collection/L06/current/48/  | mooring
 http://vocab.aodn.org.au/def/platform/123                | Coffs Harbour 100m Mooring                                             | http://vocab.nerc.ac.uk/collection/L06/current/48/  | mooring
 http://vocab.aodn.org.au/def/platform/124                | Capricorn Channel Mooring                                              | http://vocab.nerc.ac.uk/collection/L06/current/48/  | mooring
 http://vocab.aodn.org.au/def/platform/125                | Elusive Reef Mooring                                                   | http://vocab.nerc.ac.uk/collection/L06/current/48/  | mooring
 http://vocab.aodn.org.au/def/platform/126                | Heron Island South Mooring                                             | http://vocab.nerc.ac.uk/collection/L06/current/48/  | mooring
 http://vocab.aodn.org.au/def/platform/127                | Lizard Shelf Mooring                                                   | http://vocab.nerc.ac.uk/collection/L06/current/48/  | mooring
 http://vocab.aodn.org.au/def/platform/128                | Lizard Slope Mooring                                                   | http://vocab.nerc.ac.uk/collection/L06/current/48/  | mooring
 http://vocab.aodn.org.au/def/platform/129                | Myrmidon Mooring                                                       | http://vocab.nerc.ac.uk/collection/L06/current/48/  | mooring
 http://vocab.aodn.org.au/def/platform/130                | One Tree East Mooring                                                  | http://vocab.nerc.ac.uk/collection/L06/current/48/  | mooring
 http://vocab.aodn.org.au/def/platform/131                | Palm Passage Mooring                                                   | http://vocab.nerc.ac.uk/collection/L06/current/48/  | mooring
 http://vocab.aodn.org.au/def/platform/132                | Flat Top Banks Shelf Mooring                                           | http://vocab.nerc.ac.uk/collection/L06/current/48/  | mooring
 http://vocab.aodn.org.au/def/platform/133                | Joseph Bonaparte Gulf Shelf Mooring                                    | http://vocab.nerc.ac.uk/collection/L06/current/48/  | mooring
 http://vocab.aodn.org.au/def/platform/134                | Margaret Harries Banks Shelf Mooring                                   | http://vocab.nerc.ac.uk/collection/L06/current/48/  | mooring
 http://vocab.aodn.org.au/def/platform/135                | Timor South Shelf Mooring                                              | http://vocab.nerc.ac.uk/collection/L06/current/48/  | mooring
 http://vocab.aodn.org.au/def/platform/136                | Jervis Bay Mooring                                                     | http://vocab.nerc.ac.uk/collection/L06/current/48/  | mooring
 http://vocab.aodn.org.au/def/platform/137                | Kimberley 50m Mooring                                                  | http://vocab.nerc.ac.uk/collection/L06/current/48/  | mooring
 http://vocab.aodn.org.au/def/platform/138                | Kimberley 100m Mooring                                                 | http://vocab.nerc.ac.uk/collection/L06/current/48/  | mooring
 http://vocab.aodn.org.au/def/platform/139                | Kimberley 200m Mooring                                                 | http://vocab.nerc.ac.uk/collection/L06/current/48/  | mooring
 http://vocab.aodn.org.au/def/platform/140                | Kimberley 400m Mooring                                                 | http://vocab.nerc.ac.uk/collection/L06/current/48/  | mooring
 http://vocab.aodn.org.au/def/platform/141                | Darwin National Reference Station Mooring                              | http://vocab.nerc.ac.uk/collection/L06/current/48/  | mooring
 http://vocab.aodn.org.au/def/platform/142                | Esperance National Reference Station ADCP Mooring                      | http://vocab.nerc.ac.uk/collection/L06/current/48/  | mooring
 http://vocab.aodn.org.au/def/platform/143                | Esperance National Reference Station Sub-surface Mooring               | http://vocab.nerc.ac.uk/collection/L06/current/43/  | subsurface mooring
 http://vocab.aodn.org.au/def/platform/144                | Kangaroo Island National Reference Station Acidification Mooring       | http://vocab.nerc.ac.uk/collection/L06/current/48/  | mooring
 http://vocab.aodn.org.au/def/platform/145                | Kangaroo Island National Reference Station Sub-surface Mooring         | http://vocab.nerc.ac.uk/collection/L06/current/43/  | subsurface mooring
 http://vocab.aodn.org.au/def/platform/146                | Ningaloo Reef National Reference Station Mooring                       | http://vocab.nerc.ac.uk/collection/L06/current/48/  | mooring
 http://vocab.aodn.org.au/def/platform/147                | North Stradbroke Island National Reference Station ADCP Mooring        | http://vocab.nerc.ac.uk/collection/L06/current/48/  | mooring
 http://vocab.aodn.org.au/def/platform/148                | North Stradbroke Island National Reference Station Sub-surface Mooring | http://vocab.nerc.ac.uk/collection/L06/current/43/  | subsurface mooring
 http://vocab.aodn.org.au/def/platform/149                | North Stradbroke Island National Reference Station Surface Mooring     | http://vocab.nerc.ac.uk/collection/L06/current/48/  | mooring
 http://vocab.aodn.org.au/def/platform/150                | Rottnest Island National Reference Station ADCP Mooring                | http://vocab.nerc.ac.uk/collection/L06/current/48/  | mooring
 http://vocab.aodn.org.au/def/platform/151                | Rottnest Island National Reference Station Sub-surface Mooring         | http://vocab.nerc.ac.uk/collection/L06/current/43/  | subsurface mooring
 http://vocab.aodn.org.au/def/platform/152                | Yongala National Reference Station Mooring                             | http://vocab.nerc.ac.uk/collection/L06/current/48/  | mooring
 http://vocab.aodn.org.au/def/platform/153                | Port Hacking 100m Mooring                                              | http://vocab.nerc.ac.uk/collection/L06/current/48/  | mooring
 http://vocab.aodn.org.au/def/platform/154                | Pilbara 50m Mooring                                                    | http://vocab.nerc.ac.uk/collection/L06/current/48/  | mooring
 http://vocab.aodn.org.au/def/platform/155                | Pilbara 100m Mooring                                                   | http://vocab.nerc.ac.uk/collection/L06/current/48/  | mooring
 http://vocab.aodn.org.au/def/platform/156                | Pilbara 200m Mooring                                                   | http://vocab.nerc.ac.uk/collection/L06/current/48/  | mooring
 http://vocab.aodn.org.au/def/platform/157                | Deep Slope Mooring (M1)                                                | http://vocab.nerc.ac.uk/collection/L06/current/48/  | mooring
 http://vocab.aodn.org.au/def/platform/158                | Cabbage Patch Mooring (M2)                                             | http://vocab.nerc.ac.uk/collection/L06/current/48/  | mooring
 http://vocab.aodn.org.au/def/platform/159                | Mid-Slope Mooring (M3)                                                 | http://vocab.nerc.ac.uk/collection/L06/current/48/  | mooring
 http://vocab.aodn.org.au/def/platform/160                | Canyon Mooring (M4)                                                    | http://vocab.nerc.ac.uk/collection/L06/current/48/  | mooring
 http://vocab.aodn.org.au/def/platform/161                | Coffin Bay Mooring (M5)                                                | http://vocab.nerc.ac.uk/collection/L06/current/48/  | mooring
 http://vocab.aodn.org.au/def/platform/162                | Investigator Strait Mooring (M6)                                       | http://vocab.nerc.ac.uk/collection/L06/current/48/  | mooring
 http://vocab.aodn.org.au/def/platform/163                | Deep-Slope Mooring (M7)                                                | http://vocab.nerc.ac.uk/collection/L06/current/48/  | mooring
 http://vocab.aodn.org.au/def/platform/164                | Spencer Gulf Mouth Mooring (M8)                                        | http://vocab.nerc.ac.uk/collection/L06/current/48/  | mooring
 http://vocab.aodn.org.au/def/platform/165                | Sydney 100m Mooring                                                    | http://vocab.nerc.ac.uk/collection/L06/current/48/  | mooring
 http://vocab.aodn.org.au/def/platform/166                | Sydney 140m Mooring                                                    | http://vocab.nerc.ac.uk/collection/L06/current/48/  | mooring
 http://vocab.aodn.org.au/def/platform/167                | Canyon 200m Head Mooring                                               | http://vocab.nerc.ac.uk/collection/L06/current/48/  | mooring
 http://vocab.aodn.org.au/def/platform/168                | Canyon 500m North Mooring                                              | http://vocab.nerc.ac.uk/collection/L06/current/48/  | mooring
 http://vocab.aodn.org.au/def/platform/169                | Canyon 500m South Mooring                                              | http://vocab.nerc.ac.uk/collection/L06/current/48/  | mooring
 http://vocab.aodn.org.au/def/platform/170                | Two Rocks 50m Shelf Mooring                                            | http://vocab.nerc.ac.uk/collection/L06/current/48/  | mooring
 http://vocab.aodn.org.au/def/platform/171                | Two Rocks 100m Shelf Mooring                                           | http://vocab.nerc.ac.uk/collection/L06/current/48/  | mooring
 http://vocab.aodn.org.au/def/platform/172                | Two Rocks 150m Shelf Mooring                                           | http://vocab.nerc.ac.uk/collection/L06/current/48/  | mooring
 http://vocab.aodn.org.au/def/platform/173                | Two Rocks 200m Shelf Mooring                                           | http://vocab.nerc.ac.uk/collection/L06/current/48/  | mooring
 http://vocab.aodn.org.au/def/platform/174                | Two Rocks 500m Shelf Mooring                                           | http://vocab.nerc.ac.uk/collection/L06/current/48/  | mooring
 http://vocab.aodn.org.au/def/platform/175                | South-East Queensland 200m Mooring                                     | http://vocab.nerc.ac.uk/collection/L06/current/48/  | mooring
 http://vocab.aodn.org.au/def/platform/176                | South-East Queensland 400m Mooring                                     | http://vocab.nerc.ac.uk/collection/L06/current/48/  | mooring
 http://vocab.aodn.org.au/def/platform/177                | Ocean Reference Station Sydney Mooring                                 | http://vocab.nerc.ac.uk/collection/L06/current/48/  | mooring
 http://vocab.aodn.org.au/def/platform/178                | Perth Canyon, WA Passive Acoustic Observatory                          | http://vocab.nerc.ac.uk/collection/L06/current/48/  | mooring
 http://vocab.aodn.org.au/def/platform/179                | Portland, VIC Passive Acoustic Observatory                             | http://vocab.nerc.ac.uk/collection/L06/current/48/  | mooring
 http://vocab.aodn.org.au/def/platform/180                | Tuncurry, NSW Passive Acoustic Observatory                             | http://vocab.nerc.ac.uk/collection/L06/current/48/  | mooring
 http://vocab.aodn.org.au/def/platform/181                | Southern ocean Flux Station mooring                                    | http://vocab.nerc.ac.uk/collection/L06/current/48/  | mooring
 http://vocab.aodn.org.au/def/platform/182                | Pulse 5 'heavy' Mooring                                                | http://vocab.nerc.ac.uk/collection/L06/current/48/  | mooring
 http://vocab.aodn.org.au/def/platform/183                | Pulse 5 'light' Mooring                                                | http://vocab.nerc.ac.uk/collection/L06/current/48/  | mooring
 http://vocab.aodn.org.au/def/platform/184                | Pulse 6 Mooring                                                        | http://vocab.nerc.ac.uk/collection/L06/current/48/  | mooring
 http://vocab.aodn.org.au/def/platform/185                | Pulse 7 Mooring                                                        | http://vocab.nerc.ac.uk/collection/L06/current/48/  | mooring
 http://vocab.aodn.org.au/def/platform/186                | Pulse 8 Mooring                                                        | http://vocab.nerc.ac.uk/collection/L06/current/48/  | mooring
 http://vocab.aodn.org.au/def/platform/187                | Sub-Antarctic Zone Sediment Trap Mooring                               | http://vocab.nerc.ac.uk/collection/L06/current/48/  | mooring
 http://vocab.aodn.org.au/def/platform/188                | East Australian Current 1 Mooring                                      | http://vocab.nerc.ac.uk/collection/L06/current/48/  | mooring
 http://vocab.aodn.org.au/def/platform/189                | East Australian Current 2 Mooring                                      | http://vocab.nerc.ac.uk/collection/L06/current/48/  | mooring
 http://vocab.aodn.org.au/def/platform/190                | East Australian Current 3 Mooring                                      | http://vocab.nerc.ac.uk/collection/L06/current/48/  | mooring
 http://vocab.aodn.org.au/def/platform/191                | East Australian Current 4 Mooring                                      | http://vocab.nerc.ac.uk/collection/L06/current/48/  | mooring
 http://vocab.aodn.org.au/def/platform/192                | East Australian Current 5 Mooring                                      | http://vocab.nerc.ac.uk/collection/L06/current/48/  | mooring
 http://vocab.aodn.org.au/def/platform/193                | Ombai Mooring                                                          | http://vocab.nerc.ac.uk/collection/L06/current/48/  | mooring
 http://vocab.aodn.org.au/def/platform/194                | Timor North Mooring                                                    | http://vocab.nerc.ac.uk/collection/L06/current/48/  | mooring
 http://vocab.aodn.org.au/def/platform/195                | Timor Sill Mooring                                                     | http://vocab.nerc.ac.uk/collection/L06/current/48/  | mooring
 http://vocab.aodn.org.au/def/platform/196                | Polynya1 Mooring                                                       | http://vocab.nerc.ac.uk/collection/L06/current/48/  | mooring
 http://vocab.aodn.org.au/def/platform/197                | Polynya2 Mooring                                                       | http://vocab.nerc.ac.uk/collection/L06/current/48/  | mooring
 http://vocab.aodn.org.au/def/platform/198                | Polynya3 Mooring                                                       | http://vocab.nerc.ac.uk/collection/L06/current/48/  | mooring
 http://vocab.aodn.org.au/def/platform/199                | Joana Bonita                                                           | http://vocab.nerc.ac.uk/collection/L06/current/32/  | vessel of opportunity
 http://vocab.aodn.org.au/def/platform/200                | M-Sagar                                                                | http://vocab.nerc.ac.uk/collection/L06/current/32/  | vessel of opportunity
 http://vocab.aodn.org.au/def/platform/201                | Medontario                                                             | http://vocab.nerc.ac.uk/collection/L06/current/32/  | vessel of opportunity
 http://vocab.aodn.org.au/def/platform/202                | Forum Samoa II                                                         | http://vocab.nerc.ac.uk/collection/L06/current/32/  | vessel of opportunity
 http://vocab.aodn.org.au/def/platform/203                | Montreal Senator                                                       | http://vocab.nerc.ac.uk/collection/L06/current/32/  | vessel of opportunity
 http://vocab.aodn.org.au/def/platform/204                | Swan River Bridge                                                      | http://vocab.nerc.ac.uk/collection/L06/current/32/  | vessel of opportunity
 http://vocab.aodn.org.au/def/platform/205                | Australia Star                                                         | http://vocab.nerc.ac.uk/collection/L06/current/32/  | vessel of opportunity
 http://vocab.aodn.org.au/def/platform/206                | Tower Bridge                                                           | http://vocab.nerc.ac.uk/collection/L06/current/32/  | vessel of opportunity
 http://vocab.aodn.org.au/def/platform/207                | Anro Asia                                                              | http://vocab.nerc.ac.uk/collection/L06/current/32/  | vessel of opportunity
 http://vocab.aodn.org.au/def/platform/208                | New Zealand Star                                                       | http://vocab.nerc.ac.uk/collection/L06/current/32/  | vessel of opportunity
 http://vocab.aodn.org.au/def/platform/209                | Capitaine Tasman                                                       | http://vocab.nerc.ac.uk/collection/L06/current/32/  | vessel of opportunity
 http://vocab.aodn.org.au/def/platform/210                | Fua Kavenga                                                            | http://vocab.nerc.ac.uk/collection/L06/current/32/  | vessel of opportunity
 http://vocab.aodn.org.au/def/platform/211                | Southern Moana                                                         | http://vocab.nerc.ac.uk/collection/L06/current/32/  | vessel of opportunity
 http://vocab.aodn.org.au/def/platform/212                | Nedlloyd Nelson                                                        | http://vocab.nerc.ac.uk/collection/L06/current/32/  | vessel of opportunity
 http://vocab.aodn.org.au/def/platform/213                | MSC Hobart                                                             | http://vocab.nerc.ac.uk/collection/L06/current/32/  | vessel of opportunity
 http://vocab.aodn.org.au/def/platform/214                | CMA CGA Charcot                                                        | http://vocab.nerc.ac.uk/collection/L06/current/32/  | vessel of opportunity
 http://vocab.aodn.org.au/def/platform/215                | CMA CGA Mimosa                                                         | http://vocab.nerc.ac.uk/collection/L06/current/32/  | vessel of opportunity
 http://vocab.aodn.org.au/def/platform/216                | CMA CGM Melbourne                                                      | http://vocab.nerc.ac.uk/collection/L06/current/32/  | vessel of opportunity
 http://vocab.aodn.org.au/def/platform/217                | Passat Spring                                                          | http://vocab.nerc.ac.uk/collection/L06/current/32/  | vessel of opportunity
 http://vocab.aodn.org.au/def/platform/218                | CMA CGA Auckland                                                       | http://vocab.nerc.ac.uk/collection/L06/current/32/  | vessel of opportunity
 http://vocab.aodn.org.au/def/platform/219                | Ital Ottima                                                            | http://vocab.nerc.ac.uk/collection/L06/current/32/  | vessel of opportunity
 http://vocab.aodn.org.au/def/platform/220                | Buxlink                                                                | http://vocab.nerc.ac.uk/collection/L06/current/32/  | vessel of opportunity
 http://vocab.aodn.org.au/def/platform/221                | AS Cypria                                                              | http://vocab.nerc.ac.uk/collection/L06/current/32/  | vessel of opportunity
 http://vocab.aodn.org.au/def/platform/222                | MSC Federica                                                           | http://vocab.nerc.ac.uk/collection/L06/current/32/  | vessel of opportunity
 http://vocab.aodn.org.au/def/platform/223                | Brisbane Star                                                          | http://vocab.nerc.ac.uk/collection/L06/current/32/  | vessel of opportunity
 http://vocab.aodn.org.au/def/platform/224                | P&O Nedlloyd Adelaide                                                  | http://vocab.nerc.ac.uk/collection/L06/current/32/  | vessel of opportunity
 http://vocab.aodn.org.au/def/platform/225                | CMA CGM Utrillo                                                        | http://vocab.nerc.ac.uk/collection/L06/current/32/  | vessel of opportunity
 http://vocab.aodn.org.au/def/platform/226                | Stadt Weimar                                                           | http://vocab.nerc.ac.uk/collection/L06/current/32/  | vessel of opportunity
 http://vocab.aodn.org.au/def/platform/227                | Canberra Express                                                       | http://vocab.nerc.ac.uk/collection/L06/current/32/  | vessel of opportunity
 http://vocab.aodn.org.au/def/platform/228                | Wellington Express {DFCX2}                                             | http://vocab.nerc.ac.uk/collection/L06/current/32/  | vessel of opportunity
 http://vocab.aodn.org.au/def/platform/229                | Adelaide Express                                                       | http://vocab.nerc.ac.uk/collection/L06/current/32/  | vessel of opportunity
 http://vocab.aodn.org.au/def/platform/230                | Contship Action                                                        | http://vocab.nerc.ac.uk/collection/L06/current/32/  | vessel of opportunity
 http://vocab.aodn.org.au/def/platform/231                | P&O Nedlloyd Encounter                                                 | http://vocab.nerc.ac.uk/collection/L06/current/32/  | vessel of opportunity
 http://vocab.aodn.org.au/def/platform/232                | Bay Bridge                                                             | http://vocab.nerc.ac.uk/collection/L06/current/32/  | vessel of opportunity
 http://vocab.aodn.org.au/def/platform/233                | P&O Nedlloyd Otago                                                     | http://vocab.nerc.ac.uk/collection/L06/current/32/  | vessel of opportunity
 http://vocab.aodn.org.au/def/platform/234                | Pacific Triangle                                                       | http://vocab.nerc.ac.uk/collection/L06/current/32/  | vessel of opportunity
 http://vocab.aodn.org.au/def/platform/235                | P&O Nedlloyd Salerno                                                   | http://vocab.nerc.ac.uk/collection/L06/current/32/  | vessel of opportunity
 http://vocab.aodn.org.au/def/platform/236                | MSC New Plymouth                                                       | http://vocab.nerc.ac.uk/collection/L06/current/32/  | vessel of opportunity
 http://vocab.aodn.org.au/def/platform/238                | Melbourne Star                                                         | http://vocab.nerc.ac.uk/collection/L06/current/32/  | vessel of opportunity
 http://vocab.aodn.org.au/def/platform/239                | Encounter Bay                                                          | http://vocab.nerc.ac.uk/collection/L06/current/32/  | vessel of opportunity
 http://vocab.aodn.org.au/def/platform/240                | Flinders Bay                                                           | http://vocab.nerc.ac.uk/collection/L06/current/32/  | vessel of opportunity
 http://vocab.aodn.org.au/def/platform/241                | Botany Bay                                                             | http://vocab.nerc.ac.uk/collection/L06/current/32/  | vessel of opportunity
 http://vocab.aodn.org.au/def/platform/242                | Discovery Bay                                                          | http://vocab.nerc.ac.uk/collection/L06/current/32/  | vessel of opportunity
 http://vocab.aodn.org.au/def/platform/243                | America Star                                                           | http://vocab.nerc.ac.uk/collection/L06/current/32/  | vessel of opportunity
 http://vocab.aodn.org.au/def/platform/244                | MSC Didem                                                              | http://vocab.nerc.ac.uk/collection/L06/current/32/  | vessel of opportunity
 http://vocab.aodn.org.au/def/platform/245                | Safmarine Meru                                                         | http://vocab.nerc.ac.uk/collection/L06/current/32/  | vessel of opportunity
 http://vocab.aodn.org.au/def/platform/246                | Wellington Express {MWSD3}                                             | http://vocab.nerc.ac.uk/collection/L06/current/32/  | vessel of opportunity
 http://vocab.aodn.org.au/def/platform/247                | Polar Star                                                             | http://vocab.nerc.ac.uk/collection/L06/current/32/  | vessel of opportunity
 http://vocab.aodn.org.au/def/platform/248                | SA Sederberg                                                           | http://vocab.nerc.ac.uk/collection/L06/current/32/  | vessel of opportunity
 http://vocab.aodn.org.au/def/platform/249                | Maersk Constantia                                                      | http://vocab.nerc.ac.uk/collection/L06/current/32/  | vessel of opportunity
 http://vocab.aodn.org.au/def/platform/250                | Lowlands Prosperity                                                    | http://vocab.nerc.ac.uk/collection/L06/current/32/  | vessel of opportunity
 http://vocab.aodn.org.au/def/platform/252                | Contship Ambition                                                      | http://vocab.nerc.ac.uk/collection/L06/current/32/  | vessel of opportunity
 http://vocab.aodn.org.au/def/platform/253                | Bartok                                                                 | http://vocab.nerc.ac.uk/collection/L06/current/32/  | vessel of opportunity
 http://vocab.aodn.org.au/def/platform/254                | P&O Nedlloyd Jakarta                                                   | http://vocab.nerc.ac.uk/collection/L06/current/32/  | vessel of opportunity
 http://vocab.aodn.org.au/def/platform/255                | P&O Nedlloyd Sydney                                                    | http://vocab.nerc.ac.uk/collection/L06/current/32/  | vessel of opportunity
 http://vocab.aodn.org.au/def/platform/256                | Nedlloyd Raleigh Bay                                                   | http://vocab.nerc.ac.uk/collection/L06/current/32/  | vessel of opportunity
 http://vocab.aodn.org.au/def/platform/257                | P&O Nedlloyd Brisbane                                                  | http://vocab.nerc.ac.uk/collection/L06/current/32/  | vessel of opportunity
 http://vocab.aodn.org.au/def/platform/258                | Maersk Aberdeen                                                        | http://vocab.nerc.ac.uk/collection/L06/current/32/  | vessel of opportunity
 http://vocab.aodn.org.au/def/platform/259                | Swan Reefer (MV Swan)                                                  | http://vocab.nerc.ac.uk/collection/L06/current/32/  | vessel of opportunity
 http://vocab.aodn.org.au/def/platform/260                | Meridian                                                               | http://vocab.nerc.ac.uk/collection/L06/current/32/  | vessel of opportunity
 http://vocab.aodn.org.au/def/platform/261                | ANL Progress                                                           | http://vocab.nerc.ac.uk/collection/L06/current/32/  | vessel of opportunity
 http://vocab.aodn.org.au/def/platform/262                | Ranginui                                                               | http://vocab.nerc.ac.uk/collection/L06/current/32/  | vessel of opportunity
 http://vocab.aodn.org.au/def/platform/263                | Baltrum Trader                                                         | http://vocab.nerc.ac.uk/collection/L06/current/32/  | vessel of opportunity
 http://vocab.aodn.org.au/def/platform/264                | Florence                                                               | http://vocab.nerc.ac.uk/collection/L06/current/32/  | vessel of opportunity
 http://vocab.aodn.org.au/def/platform/265                | Vega Gotland                                                           | http://vocab.nerc.ac.uk/collection/L06/current/32/  | vessel of opportunity
 http://vocab.aodn.org.au/def/platform/266                | Rangitata                                                              | http://vocab.nerc.ac.uk/collection/L06/current/32/  | vessel of opportunity
 http://vocab.aodn.org.au/def/platform/267                | Karin Knorr                                                            | http://vocab.nerc.ac.uk/collection/L06/current/32/  | vessel of opportunity
 http://vocab.aodn.org.au/def/platform/268                | Iron Dampier                                                           | http://vocab.nerc.ac.uk/collection/L06/current/32/  | vessel of opportunity
 http://vocab.aodn.org.au/def/platform/269                | Anro Australia                                                         | http://vocab.nerc.ac.uk/collection/L06/current/32/  | vessel of opportunity
 http://vocab.aodn.org.au/def/platform/270                | Iron Newcastle                                                         | http://vocab.nerc.ac.uk/collection/L06/current/32/  | vessel of opportunity
 http://vocab.aodn.org.au/def/platform/271                | Iron Kembla                                                            | http://vocab.nerc.ac.uk/collection/L06/current/32/  | vessel of opportunity
 http://vocab.aodn.org.au/def/platform/272                | Iron Pacific                                                           | http://vocab.nerc.ac.uk/collection/L06/current/32/  | vessel of opportunity
 http://vocab.aodn.org.au/def/platform/273                | Franklin                                                               | http://vocab.nerc.ac.uk/collection/L06/current/31/  | research vessel
 http://vocab.aodn.org.au/def/platform/274                | Australian Progress                                                    | http://vocab.nerc.ac.uk/collection/L06/current/32/  | vessel of opportunity
 http://vocab.aodn.org.au/def/platform/275                | Iron Flinders                                                          | http://vocab.nerc.ac.uk/collection/L06/current/32/  | vessel of opportunity
 http://vocab.aodn.org.au/def/platform/277                | Australian Enterprise                                                  | http://vocab.nerc.ac.uk/collection/L06/current/32/  | vessel of opportunity
 http://vocab.aodn.org.au/def/platform/278                | Contship Borealis                                                      | http://vocab.nerc.ac.uk/collection/L06/current/32/  | vessel of opportunity
 http://vocab.aodn.org.au/def/platform/279                | Contship Australis                                                     | http://vocab.nerc.ac.uk/collection/L06/current/32/  | vessel of opportunity
 http://vocab.aodn.org.au/def/platform/280                | Coral Chief                                                            | http://vocab.nerc.ac.uk/collection/L06/current/32/  | vessel of opportunity
 http://vocab.aodn.org.au/def/platform/281                | Papuan Chief                                                           | http://vocab.nerc.ac.uk/collection/L06/current/32/  | vessel of opportunity
 http://vocab.aodn.org.au/def/platform/282                | Kokopo Chief                                                           | http://vocab.nerc.ac.uk/collection/L06/current/32/  | vessel of opportunity
 http://vocab.aodn.org.au/def/platform/283                | P&O Nedlloyd Napier                                                    | http://vocab.nerc.ac.uk/collection/L06/current/32/  | vessel of opportunity
 http://vocab.aodn.org.au/def/platform/284                | P&O Nedlloyd Wellington                                                | http://vocab.nerc.ac.uk/collection/L06/current/32/  | vessel of opportunity
 http://vocab.aodn.org.au/def/platform/285                | TMM Tabasco                                                            | http://vocab.nerc.ac.uk/collection/L06/current/32/  | vessel of opportunity
 http://vocab.aodn.org.au/def/platform/287                | Canmar Dynasty                                                         | http://vocab.nerc.ac.uk/collection/L06/current/32/  | vessel of opportunity
 http://vocab.aodn.org.au/def/platform/288                | Sydney Express                                                         | http://vocab.nerc.ac.uk/collection/L06/current/32/  | vessel of opportunity
 http://vocab.aodn.org.au/def/platform/289                | Nimos                                                                  | http://vocab.nerc.ac.uk/collection/L06/current/32/  | vessel of opportunity
 http://vocab.aodn.org.au/def/platform/290                | Contship Aurora                                                        | http://vocab.nerc.ac.uk/collection/L06/current/32/  | vessel of opportunity
 http://vocab.aodn.org.au/def/platform/291                | Act 6                                                                  | http://vocab.nerc.ac.uk/collection/L06/current/32/  | vessel of opportunity
 http://vocab.aodn.org.au/def/platform/296                | NEMO Argo Float                                                        | http://vocab.nerc.ac.uk/collection/L06/current/46/  | drifting subsurface profiling float
 http://vocab.aodn.org.au/def/platform/297                | NINJA Argo Float with SBE                                              | http://vocab.nerc.ac.uk/collection/L06/current/46/  | drifting subsurface profiling float
 http://vocab.aodn.org.au/def/platform/298                | NAVIS Argo Float with Iridium antenna                                  | http://vocab.nerc.ac.uk/collection/L06/current/46/  | drifting subsurface profiling float
 http://vocab.aodn.org.au/def/platform/299                | ARVOR Argo Float                                                       | http://vocab.nerc.ac.uk/collection/L06/current/46/  | drifting subsurface profiling float
 http://vocab.aodn.org.au/def/platform/300                | SOLO Argo Float                                                        | http://vocab.nerc.ac.uk/collection/L06/current/46/  | drifting subsurface profiling float
 http://vocab.aodn.org.au/def/platform/301                | SOLO Argo Float with Iridium antenna                                   | http://vocab.nerc.ac.uk/collection/L06/current/46/  | drifting subsurface profiling float
 http://vocab.aodn.org.au/def/platform/302                | SOLO-II Argo Float with Iridium antenna                                | http://vocab.nerc.ac.uk/collection/L06/current/46/  | drifting subsurface profiling float
 http://vocab.aodn.org.au/def/platform/303                | PALACE R1 Argo Float                                                   | http://vocab.nerc.ac.uk/collection/L06/current/46/  | drifting subsurface profiling float
 http://vocab.aodn.org.au/def/platform/304                | APEX Argo Float                                                        | http://vocab.nerc.ac.uk/collection/L06/current/46/  | drifting subsurface profiling float
 http://vocab.aodn.org.au/def/platform/305                | APEX Argo Float with Iridium antenna                                   | http://vocab.nerc.ac.uk/collection/L06/current/46/  | drifting subsurface profiling float
 http://vocab.aodn.org.au/def/platform/306                | APEX Argo Float with APF8 controller board                             | http://vocab.nerc.ac.uk/collection/L06/current/46/  | drifting subsurface profiling float
 http://vocab.aodn.org.au/def/platform/307                | PROVOR Argo Float                                                      | http://vocab.nerc.ac.uk/collection/L06/current/46/  | drifting subsurface profiling float
 http://vocab.aodn.org.au/def/platform/308                | Lizard Island Base Station                                             | http://vocab.nerc.ac.uk/collection/L06/current/14/  | land/onshore structure
 http://vocab.aodn.org.au/def/platform/309                | Lizard Island Relay Pole 1                                             | http://vocab.nerc.ac.uk/collection/L06/current/16/  | offshore structure
 http://vocab.aodn.org.au/def/platform/310                | Lizard Island Relay Pole 2                                             | http://vocab.nerc.ac.uk/collection/L06/current/16/  | offshore structure
 http://vocab.aodn.org.au/def/platform/311                | Lizard Island Sensor Float 1                                           | http://vocab.nerc.ac.uk/collection/L06/current/41/  | moored surface buoy
 http://vocab.aodn.org.au/def/platform/312                | Lizard Island Sensor Float 2                                           | http://vocab.nerc.ac.uk/collection/L06/current/41/  | moored surface buoy
 http://vocab.aodn.org.au/def/platform/313                | Lizard Island Sensor Float 3                                           | http://vocab.nerc.ac.uk/collection/L06/current/41/  | moored surface buoy
 http://vocab.aodn.org.au/def/platform/314                | Lizard Island Sensor Float 4                                           | http://vocab.nerc.ac.uk/collection/L06/current/41/  | moored surface buoy
 http://vocab.aodn.org.au/def/platform/315                | Orpheus Island Base Station                                            | http://vocab.nerc.ac.uk/collection/L06/current/14/  | land/onshore structure
 http://vocab.aodn.org.au/def/platform/316                | Orpheus Island Relay Pole 1                                            | http://vocab.nerc.ac.uk/collection/L06/current/16/  | offshore structure
 http://vocab.aodn.org.au/def/platform/317                | Orpheus Island Relay Pole 2                                            | http://vocab.nerc.ac.uk/collection/L06/current/16/  | offshore structure
 http://vocab.aodn.org.au/def/platform/318                | Orpheus Island Relay Pole 3                                            | http://vocab.nerc.ac.uk/collection/L06/current/16/  | offshore structure
 http://vocab.aodn.org.au/def/platform/319                | Orpheus Island Sensor Float 1                                          | http://vocab.nerc.ac.uk/collection/L06/current/41/  | moored surface buoy
 http://vocab.aodn.org.au/def/platform/320                | Orpheus Island Sensor Float 2                                          | http://vocab.nerc.ac.uk/collection/L06/current/41/  | moored surface buoy
 http://vocab.aodn.org.au/def/platform/321                | Rib Reef Sensor Float 1                                                | http://vocab.nerc.ac.uk/collection/L06/current/41/  | moored surface buoy
 http://vocab.aodn.org.au/def/platform/322                | Myrmidon Reef Base Station                                             | http://vocab.nerc.ac.uk/collection/L06/current/14/  | land/onshore structure
 http://vocab.aodn.org.au/def/platform/323                | Myrmidon Reef Sensor Float 1                                           | http://vocab.nerc.ac.uk/collection/L06/current/41/  | moored surface buoy
 http://vocab.aodn.org.au/def/platform/324                | Davies Reef Base Station                                               | http://vocab.nerc.ac.uk/collection/L06/current/14/  | land/onshore structure
 http://vocab.aodn.org.au/def/platform/325                | Davies Reef Sensor Float 1                                             | http://vocab.nerc.ac.uk/collection/L06/current/41/  | moored surface buoy
 http://vocab.aodn.org.au/def/platform/326                | Davies Reef Sensor Float 2                                             | http://vocab.nerc.ac.uk/collection/L06/current/41/  | moored surface buoy
 http://vocab.aodn.org.au/def/platform/327                | Davies Reef Sensor Float 3                                             | http://vocab.nerc.ac.uk/collection/L06/current/41/  | moored surface buoy
 http://vocab.aodn.org.au/def/platform/328                | Davies Reef Sensor Float 4                                             | http://vocab.nerc.ac.uk/collection/L06/current/41/  | moored surface buoy
 http://vocab.aodn.org.au/def/platform/329                | Davies Reef Sensor Float 5                                             | http://vocab.nerc.ac.uk/collection/L06/current/41/  | moored surface buoy
 http://vocab.aodn.org.au/def/platform/330                | One Tree Island Base Station                                           | http://vocab.nerc.ac.uk/collection/L06/current/14/  | land/onshore structure
 http://vocab.aodn.org.au/def/platform/331                | One Tree Island Relay Pole 1                                           | http://vocab.nerc.ac.uk/collection/L06/current/16/  | offshore structure
 http://vocab.aodn.org.au/def/platform/332                | One Tree Island Relay Pole 2                                           | http://vocab.nerc.ac.uk/collection/L06/current/16/  | offshore structure
 http://vocab.aodn.org.au/def/platform/333                | One Tree Island Relay Pole 3                                           | http://vocab.nerc.ac.uk/collection/L06/current/16/  | offshore structure
 http://vocab.aodn.org.au/def/platform/334                | Heron Island Base Station                                              | http://vocab.nerc.ac.uk/collection/L06/current/14/  | land/onshore structure
 http://vocab.aodn.org.au/def/platform/335                | Heron Island Relay Pole 1                                              | http://vocab.nerc.ac.uk/collection/L06/current/16/  | offshore structure
 http://vocab.aodn.org.au/def/platform/336                | Heron Island Relay Pole 2                                              | http://vocab.nerc.ac.uk/collection/L06/current/16/  | offshore structure
 http://vocab.aodn.org.au/def/platform/337                | Heron Island Relay Pole 3                                              | http://vocab.nerc.ac.uk/collection/L06/current/16/  | offshore structure
 http://vocab.aodn.org.au/def/platform/338                | Heron Island Relay Pole 4                                              | http://vocab.nerc.ac.uk/collection/L06/current/16/  | offshore structure
 http://vocab.aodn.org.au/def/platform/339                | Heron Island Relay Pole 5                                              | http://vocab.nerc.ac.uk/collection/L06/current/16/  | offshore structure
 http://vocab.aodn.org.au/def/platform/340                | Heron Island Relay Pole 6                                              | http://vocab.nerc.ac.uk/collection/L06/current/16/  | offshore structure
 http://vocab.aodn.org.au/def/platform/341                | Heron Island Relay Pole 7                                              | http://vocab.nerc.ac.uk/collection/L06/current/16/  | offshore structure
 http://vocab.aodn.org.au/def/platform/342                | Heron Island Relay Pole 8                                              | http://vocab.nerc.ac.uk/collection/L06/current/16/  | offshore structure
 http://vocab.aodn.org.au/def/platform/343                | Heron Island Sensor Float 1                                            | http://vocab.nerc.ac.uk/collection/L06/current/41/  | moored surface buoy
 http://vocab.aodn.org.au/def/platform/344                | Heron Island Sensor Float 2                                            | http://vocab.nerc.ac.uk/collection/L06/current/41/  | moored surface buoy
 http://vocab.aodn.org.au/def/platform/345                | Heron Island Sensor Float 3                                            | http://vocab.nerc.ac.uk/collection/L06/current/41/  | moored surface buoy
 http://vocab.aodn.org.au/def/platform/346                | Heron Island Sensor Float 4                                            | http://vocab.nerc.ac.uk/collection/L06/current/41/  | moored surface buoy
 http://vocab.aodn.org.au/def/platform/347                | Heron Island Sensor Float 5                                            | http://vocab.nerc.ac.uk/collection/L06/current/41/  | moored surface buoy
 http://vocab.aodn.org.au/def/platform/453                | Tropical Islander                                                      | http://vocab.nerc.ac.uk/collection/L06/current/32/  | vessel of opportunity
 http://vocab.aodn.org.au/def/platform/454                | CMA CGM Onyx                                                           | http://vocab.nerc.ac.uk/collection/L06/current/32/  | vessel of opportunity
 http://vocab.aodn.org.au/def/platform/455                | Cap Reinga                                                             | http://vocab.nerc.ac.uk/collection/L06/current/32/  | vessel of opportunity
 http://vocab.aodn.org.au/def/platform/456                | CSCL Longkou                                                           | http://vocab.nerc.ac.uk/collection/L06/current/32/  | vessel of opportunity
 http://vocab.aodn.org.au/def/platform/457                | CMA CGM Lavender                                                       | http://vocab.nerc.ac.uk/collection/L06/current/32/  | vessel of opportunity
 http://vocab.aodn.org.au/def/platform/458                | ANL Benalla                                                            | http://vocab.nerc.ac.uk/collection/L06/current/32/  | vessel of opportunity
 http://vocab.aodn.org.au/def/platform/459                | JPO Scorpius                                                           | http://vocab.nerc.ac.uk/collection/L06/current/32/  | vessel of opportunity
 http://vocab.aodn.org.au/def/platform/460                | Maersk Fuji                                                            | http://vocab.nerc.ac.uk/collection/L06/current/32/  | vessel of opportunity
 http://vocab.aodn.org.au/def/platform/461                | Merkur Sky                                                             | http://vocab.nerc.ac.uk/collection/L06/current/32/  | vessel of opportunity
 http://vocab.aodn.org.au/def/platform/462                | Icebird                                                                | http://vocab.nerc.ac.uk/collection/L06/current/32/  | vessel of opportunity
 http://vocab.aodn.org.au/def/platform/463                | Hoegh Seoul                                                            | http://vocab.nerc.ac.uk/collection/L06/current/32/  | vessel of opportunity
 http://vocab.aodn.org.au/def/platform/464                | Hoegh St. Petersburg                                                   | http://vocab.nerc.ac.uk/collection/L06/current/32/  | vessel of opportunity
 http://vocab.aodn.org.au/def/platform/465                | Conti Harmony                                                          | http://vocab.nerc.ac.uk/collection/L06/current/32/  | vessel of opportunity
 http://vocab.aodn.org.au/def/platform/466                | Schelde Trader                                                         | http://vocab.nerc.ac.uk/collection/L06/current/32/  | vessel of opportunity
 http://vocab.aodn.org.au/def/platform/467                | Maersk Fukuoka                                                         | http://vocab.nerc.ac.uk/collection/L06/current/32/  | vessel of opportunity
 http://vocab.aodn.org.au/def/platform/468                | Isar Trader                                                            | http://vocab.nerc.ac.uk/collection/L06/current/32/  | vessel of opportunity
 http://vocab.aodn.org.au/def/platform/469                | Sofrana Surville                                                       | http://vocab.nerc.ac.uk/collection/L06/current/32/  | vessel of opportunity
 http://vocab.aodn.org.au/def/platform/470                | BC San Francisco                                                       | http://vocab.nerc.ac.uk/collection/L06/current/32/  | vessel of opportunity
 http://vocab.aodn.org.au/def/platform/471                | CMA CGM Jade                                                           | http://vocab.nerc.ac.uk/collection/L06/current/32/  | vessel of opportunity
 http://vocab.aodn.org.au/def/platform/472                | Santos Express                                                         | http://vocab.nerc.ac.uk/collection/L06/current/32/  | vessel of opportunity
 http://vocab.aodn.org.au/def/platform/473                | Manila Express                                                         | http://vocab.nerc.ac.uk/collection/L06/current/32/  | vessel of opportunity
 http://vocab.aodn.org.au/def/platform/474                | Pacific Gas                                                            | http://vocab.nerc.ac.uk/collection/L06/current/32/  | vessel of opportunity
 http://vocab.aodn.org.au/def/platform/475                | Mississauga Express                                                    | http://vocab.nerc.ac.uk/collection/L06/current/32/  | vessel of opportunity
 http://vocab.aodn.org.au/def/platform/65                 | Heron Island North mooring                                             | http://vocab.nerc.ac.uk/collection/L06/current/48/  | mooring
 http://vocab.aodn.org.au/def/platform/66                 | Maria Island National Reference Station ADCP mooring                   | http://vocab.nerc.ac.uk/collection/L06/current/48/  | mooring
 http://vocab.aodn.org.au/def/platform/67                 | Maria Island National Reference Station sub-surface mooring            | http://vocab.nerc.ac.uk/collection/L06/current/43/  | subsurface mooring
 http://vocab.aodn.org.au/def/platform/68                 | Maria Island National Reference Station surface mooring                | http://vocab.nerc.ac.uk/collection/L06/current/48/  | mooring
 http://vocab.aodn.org.au/def/platform/69                 | Maria Island National Reference Station acidification mooring          | http://vocab.nerc.ac.uk/collection/L06/current/48/  | mooring
 http://vocab.aodn.org.au/def/platform/71                 | Cape Ferguson                                                          | http://vocab.nerc.ac.uk/collection/L06/current/31/  | research vessel
 http://vocab.aodn.org.au/def/platform/72                 | Solander                                                               | http://vocab.nerc.ac.uk/collection/L06/current/31/  | research vessel
 http://vocab.aodn.org.au/def/platform/73                 | Spirit of Tasmania 1                                                   | http://vocab.nerc.ac.uk/collection/L06/current/35/  | vessel of opportunity on fixed route
 http://vocab.aodn.org.au/def/platform/74                 | Sirius                                                                 | http://vocab.nerc.ac.uk/collection/L06/current/25/  | autonomous underwater vehicle
 http://vocab.aodn.org.au/def/platform/99                 | Highland Chief                                                         | http://vocab.nerc.ac.uk/collection/L06/current/32/  | vessel of opportunity
 http://vocab.nerc.ac.uk/collection/C17/current/09AR/     | Aurora Australis                                                       | http://vocab.nerc.ac.uk/collection/L06/current/31/  | research vessel
 http://vocab.nerc.ac.uk/collection/C17/current/09SS/     | Southern Surveyor                                                      | http://vocab.nerc.ac.uk/collection/L06/current/31/  | research vessel
 http://vocab.nerc.ac.uk/collection/C17/current/353L/     | L'Astrolabe                                                            | http://vocab.nerc.ac.uk/collection/L06/current/31/  | research vessel
 http://vocab.nerc.ac.uk/collection/L22/current/TOOL0058/ | Sea-Bird SBE 911plus CTD                                               | http://vocab.nerc.ac.uk/collection/L05/current/130/ | CTD
 http://vocab.nerc.ac.uk/collection/L22/current/TOOL0058/ | Sea-Bird SBE 911plus CTD                                               | http://vocab.nerc.ac.uk/collection/L05/current/134/ | water temperature sensor
 http://vocab.nerc.ac.uk/collection/L22/current/TOOL0058/ | Sea-Bird SBE 911plus CTD                                               | http://vocab.nerc.ac.uk/collection/L05/current/350/ | salinity sensor
 http://vocab.nerc.ac.uk/collection/L22/current/TOOL0105/ | Vemco Minilog12 temperature recorder                                   | http://vocab.nerc.ac.uk/collection/L05/current/134/ | water temperature sensor
 http://vocab.nerc.ac.uk/collection/L22/current/TOOL0181/ | Vemco Minilog8 temperature recorder                                    | http://vocab.nerc.ac.uk/collection/L05/current/134/ | water temperature sensor
 http://vocab.nerc.ac.uk/collection/L22/current/TOOL0665/ | Vemco Minilog12 temperature-pressure recorder                          | http://vocab.nerc.ac.uk/collection/L05/current/134/ | water temperature sensor
 http://vocab.nerc.ac.uk/collection/L22/current/TOOL0702/ | Kipp and Zonen CNR4 Net Radiometer                                     | http://vocab.nerc.ac.uk/collection/L05/current/308/ | atmospheric radiometers
 http://vocab.nerc.ac.uk/collection/L22/current/TOOL0703/ | Kipp and Zonen CNR1 Net Radiometer                                     | http://vocab.nerc.ac.uk/collection/L05/current/308/ | atmospheric radiometers
 http://vocab.nerc.ac.uk/collection/L22/current/TOOL0708/ | Heise Model DXD Digital Output Pressure Transducer                     | http://vocab.nerc.ac.uk/collection/L05/current/111/ | sea level recorders
 http://vocab.nerc.ac.uk/collection/L22/current/TOOL0710/ | TRIAXYS directional wave sensor                                        | http://vocab.nerc.ac.uk/collection/L05/current/110/ | wave recorders
 http://vocab.nerc.ac.uk/collection/L22/current/TOOL0721/ | Microstrain 3DM-GX1 Gyro Enhanced Orientation Sensor                   | http://vocab.nerc.ac.uk/collection/L05/current/385/ | platform altitude sensors
 http://vocab.nerc.ac.uk/collection/L22/current/TOOL0728/ | RBR TR-1060P Temperature Logger                                        | http://vocab.nerc.ac.uk/collection/L05/current/134/ | water temperature sensor
 http://vocab.nerc.ac.uk/collection/L22/current/TOOL0731/ | ReefNet Sensus Ultra                                                   | http://vocab.nerc.ac.uk/collection/L05/current/111/ | sea level recorders
 http://vocab.nerc.ac.uk/collection/L22/current/TOOL0731/ | ReefNet Sensus Ultra                                                   | http://vocab.nerc.ac.uk/collection/L05/current/134/ | water temperature sensor
 http://vocab.nerc.ac.uk/collection/L22/current/TOOL0732/ | Teledyne RDI Workhorse Quartermaster 150kHz ADCP                       | http://vocab.nerc.ac.uk/collection/L05/current/115/ | current profilers
 http://vocab.nerc.ac.uk/collection/L22/current/TOOL0733/ | Teledyne RDI Workhorse NEMO-WHSW600 Waves Processing Array             | http://vocab.nerc.ac.uk/collection/L05/current/110/ | wave recorders
(314 rows)

